<?xml version="1.0" encoding="UTF-8"?>
<testsuite xmlns:xsi="http://www.w3.org/2001/XMLSchema-instance" xsi:noNamespaceSchemaLocation="https://maven.apache.org/surefire/maven-surefire-plugin/xsd/surefire-test-report-3.0.xsd" version="3.0" name="me.dio.AppTest" time="0.036" tests="1" errors="0" skipped="0" failures="0">
  <properties>
    <property name="java.specification.version" value="17"/>
    <property name="sun.cpu.isalist" value="amd64"/>
    <property name="sun.jnu.encoding" value="Cp1252"/>
    <property name="java.class.path" value="C:\Users\User\Programming\maven\quick-start-maven\target\test-classes;C:\Users\User\Programming\maven\quick-start-maven\target\classes;C:\Users\User\.m2\repository\junit\junit\3.8.1\junit-3.8.1.jar;"/>
    <property name="java.vm.vendor" value="Azul Systems, Inc."/>
    <property name="sun.arch.data.model" value="64"/>
    <property name="user.variant" value=""/>
    <property name="java.vendor.url" value="http://www.azul.com/"/>
    <property name="user.timezone" value="America/Sao_Paulo"/>
    <property name="user.country.format" value="US"/>
    <property name="os.name" value="Windows 10"/>
    <property name="java.vm.specification.version" value="17"/>
    <property name="sun.java.launcher" value="SUN_STANDARD"/>
    <property name="user.country" value="BR"/>
    <property name="sun.boot.library.path" value="C:\Program Files\Zulu\zulu-17\bin"/>
    <property name="sun.java.command" value="C:\Users\User\AppData\Local\Temp\surefire4534999439737885473\surefirebooter-20231003100151462_3.jar C:\Users\User\AppData\Local\Temp\surefire4534999439737885473 2023-10-03T10-01-51_182-jvmRun1 surefire-20231003100151462_1tmp surefire_0-20231003100151462_2tmp"/>
    <property name="jdk.debug" value="release"/>
    <property name="surefire.test.class.path" value="C:\Users\User\Programming\maven\quick-start-maven\target\test-classes;C:\Users\User\Programming\maven\quick-start-maven\target\classes;C:\Users\User\.m2\repository\junit\junit\3.8.1\junit-3.8.1.jar;"/>
    <property name="sun.cpu.endian" value="little"/>
    <property name="user.home" value="C:\Users\User"/>
    <property name="user.language" value="pt"/>
    <property name="java.specification.vendor" value="Oracle Corporation"/>
    <property name="java.version.date" value="2022-07-19"/>
    <property name="java.home" value="C:\Program Files\Zulu\zulu-17"/>
    <property name="file.separator" value="\"/>
    <property name="basedir" value="C:\Users\User\Programming\maven\quick-start-maven"/>
    <property name="java.vm.compressedOopsMode" value="32-bit"/>
    <property name="line.separator" value="&#10;"/>
    <property name="java.vm.specification.vendor" value="Oracle Corporation"/>
    <property name="java.specification.name" value="Java Platform API Specification"/>
    <property name="surefire.real.class.path" value="C:\Users\User\AppData\Local\Temp\surefire4534999439737885473\surefirebooter-20231003100151462_3.jar"/>
    <property name="user.script" value=""/>
    <property name="sun.management.compiler" value="HotSpot 64-Bit Tiered Compilers"/>
    <property name="java.runtime.version" value="17.0.4+8-LTS"/>
    <property name="user.name" value="Layon"/>
    <property name="path.separator" value=";"/>
    <property name="os.version" value="10.0"/>
    <property name="java.runtime.name" value="OpenJDK Runtime Environment"/>
    <property name="file.encoding" value="Cp1252"/>
    <property name="java.vm.name" value="OpenJDK 64-Bit Server VM"/>
    <property name="java.vendor.version" value="Zulu17.36+13-CA"/>
    <property name="localRepository" value="C:\Users\User\.m2\repository"/>
    <property name="java.vendor.url.bug" value="http://www.azul.com/support/"/>
    <property name="java.io.tmpdir" value="C:\Users\User\AppData\Local\Temp\"/>
    <property name="java.version" value="17.0.4"/>
    <property name="user.dir" value="C:\Users\User\Programming\maven\quick-start-maven"/>
    <property name="os.arch" value="amd64"/>
    <property name="java.vm.specification.name" value="Java Virtual Machine Specification"/>
    <property name="user.language.format" value="en"/>
    <property name="sun.os.patch.level" value=""/>
    <property name="native.encoding" value="Cp1252"/>
    <property name="java.library.path" value="C:\Program Files\Zulu\zulu-17\bin;C:\Windows\Sun\Java\bin;C:\Windows\system32;C:\Windows;C:\Program Files\Git\mingw64\bin;C:\Program Files\Git\usr\bin;C:\Users\User\bin;C:\Program Files\Zulu\zulu-17\bin;C:\Program Files (x86)\VMware\VMware Player\bin;C:\Windows\system32;C:\Windows;C:\Windows\System32\Wbem;C:\Windows\System32\WindowsPowerShell\v1.0;C:\Windows\System32\OpenSSH;C:\Program Files\nodejs;C:\Program Files\Git\cmd;C:\Program Files\Docker\Docker\resources\bin;C:\Program Files (x86)\ffmpeg\bin;C:\Program Files\Git\;C:\Program Files\kotlinc\bin;C:\Users\User\Programming\devtools\apache-maven-3.9.4\bin;C:\Users\User\AppData\Local\Microsoft\WindowsApps;C:\Users\User\AppData\Local\Programs\Microsoft VS Code\bin;C:\Users\User\AppData\Roaming\npm;C:\Program Files\JetBrains\IntelliJ IDEA Community Edition 2022.1.3\bin;."/>
    <property name="java.vm.info" value="mixed mode, sharing"/>
    <property name="java.vendor" value="Azul Systems, Inc."/>
    <property name="java.vm.version" value="17.0.4+8-LTS"/>
    <property name="sun.io.unicode.encoding" value="UnicodeLittle"/>
    <property name="java.class.version" value="61.0"/>
  </properties>
  <testcase name="testApp" classname="me.dio.AppTest" time="0.003"/>
</testsuite>